#
# There is insufficient memory for the Java Runtime Environment to continue.
# Native memory allocation (malloc) failed to allocate 1048576 bytes for AllocateHeap
# Possible reasons:
#   The system is out of physical RAM or swap space
#   The process is running with CompressedOops enabled, and the Java Heap may be blocking the growth of the native heap
# Possible solutions:
#   Reduce memory load on the system
#   Increase physical memory or swap space
#   Check if swap backing store is full
#   Decrease Java heap size (-Xmx/-Xms)
#   Decrease number of Java threads
#   Decrease Java thread stack sizes (-Xss)
#   Set larger code cache with -XX:ReservedCodeCacheSize=
#   JVM is running with Unscaled Compressed Oops mode in which the Java heap is
#     placed in the first 4GB address space. The Java Heap base address is the
#     maximum limit for the native heap growth. Please use -XX:HeapBaseMinAddress
#     to set the Java Heap base and to place the Java Heap above 4GB virtual address.
# This output file may be truncated or incomplete.
#
#  Out of Memory Error (memory/allocation.inline.hpp:61), pid=19048, tid=0x0000000000004330
#
# JRE version:  (8.0_241-b07) (build )
# Java VM: Java HotSpot(TM) 64-Bit Server VM (25.241-b07 mixed mode windows-amd64 compressed oops)
# Failed to write core dump. Minidumps are not enabled by default on client versions of Windows
#

---------------  T H R E A D  ---------------

Current thread (0x000000000288d800):  JavaThread "Unknown thread" [_thread_in_vm, id=17200, stack(0x0000000002750000,0x0000000002850000)]

Stack: [0x0000000002750000,0x0000000002850000]
[error occurred during error reporting (printing stack bounds), id 0xc0000005]

Native frames: (J=compiled Java code, j=interpreted, Vv=VM code, C=native code)


---------------  P R O C E S S  ---------------

Java Threads: ( => current thread )

Other Threads:

=>0x000000000288d800 (exited) JavaThread "Unknown thread" [_thread_in_vm, id=17200, stack(0x0000000002750000,0x0000000002850000)]

VM state:not at safepoint (normal execution)

VM Mutex/Monitor currently owned by a thread: None

heap address: 0x0000000081000000, size: 2032 MB, Compressed Oops mode: 32-bit
Narrow klass base: 0x0000000000000000, Narrow klass shift: 3
Compressed class space size: 1073741824 Address: 0x0000000100000000

Heap:
 PSYoungGen      total 38400K, used 665K [0x00000000d5b00000, 0x00000000d8580000, 0x0000000100000000)
  eden space 33280K, 2% used [0x00000000d5b00000,0x00000000d5ba6670,0x00000000d7b80000)
  from space 5120K, 0% used [0x00000000d8080000,0x00000000d8080000,0x00000000d8580000)
  to   space 5120K, 0% used [0x00000000d7b80000,0x00000000d7b80000,0x00000000d8080000)
 ParOldGen       total 87552K, used 0K [0x0000000081000000, 0x0000000086580000, 0x00000000d5b00000)
  object space 87552K, 0% used [0x0000000081000000,0x0000000081000000,0x0000000086580000)
 Metaspace       used 752K, capacity 4480K, committed 4480K, reserved 1056768K
  class space    used 76K, capacity 384K, committed 384K, reserved 1048576K

Card table byte_map: [0x0000000011d50000,0x0000000012150000] byte_map_base: 0x0000000011948000

Marking Bits: (ParMarkBitMap*) 0x00000000589bbe30
 Begin Bits: [0x0000000012c00000, 0x0000000014bc0000)
 End Bits:   [0x0000000014bc0000, 0x0000000016b80000)

Polling page: 0x0000000000b70000

CodeCache: size=245760Kb used=328Kb max_used=328Kb free=245431Kb
 bounds [0x0000000002990000, 0x0000000002c00000, 0x0000000011990000]
 total_blobs=58 nmethods=0 adapters=38
 compilation: enabled

Compilation events (0 events):
No events

GC Heap History (0 events):
No events

Deoptimization events (0 events):
No events

Classes redefined (0 events):
No events

Internal exceptions (0 events):
No events

Events (10 events):
Event: 0.019 loading class java/lang/Short
Event: 0.019 loading class java/lang/Short done
Event: 0.019 loading class java/lang/Integer
Event: 0.019 loading class java/lang/Integer done
Event: 0.019 loading class java/lang/Long
Event: 0.019 loading class java/lang/Long done
Event: 0.020 loading class java/lang/NullPointerException
Event: 0.020 loading class java/lang/NullPointerException done
Event: 0.020 loading class java/lang/ArithmeticException
Event: 0.020 loading class java/lang/ArithmeticException done


Dynamic libraries:
0x00007ff7a8ef0000 - 0x00007ff7a8f27000 	C:\Program Files\Java\jre1.8.0_241\bin\javaw.exe
0x00007ffb6f7d0000 - 0x00007ffb6f9bd000 	C:\windows\SYSTEM32\ntdll.dll
0x00007ffb6f360000 - 0x00007ffb6f413000 	C:\windows\System32\KERNEL32.DLL
0x00007ffb6bd90000 - 0x00007ffb6c023000 	C:\windows\System32\KERNELBASE.dll
0x00007ffb6cad0000 - 0x00007ffb6cb73000 	C:\windows\System32\ADVAPI32.dll
0x00007ffb6d190000 - 0x00007ffb6d22e000 	C:\windows\System32\msvcrt.dll
0x00007ffb6f010000 - 0x00007ffb6f0ae000 	C:\windows\System32\sechost.dll
0x00007ffb6cfe0000 - 0x00007ffb6d102000 	C:\windows\System32\RPCRT4.dll
0x00007ffb6ec40000 - 0x00007ffb6edd7000 	C:\windows\System32\USER32.dll
0x00007ffb6c290000 - 0x00007ffb6c2b0000 	C:\windows\System32\win32u.dll
0x00007ffb6ede0000 - 0x00007ffb6ee09000 	C:\windows\System32\GDI32.dll
0x00007ffb6b940000 - 0x00007ffb6bada000 	C:\windows\System32\gdi32full.dll
0x00007ffb6bae0000 - 0x00007ffb6bb80000 	C:\windows\System32\msvcp_win.dll
0x00007ffb6bc90000 - 0x00007ffb6bd8c000 	C:\windows\System32\ucrtbase.dll
0x00007ffb61320000 - 0x00007ffb61599000 	C:\windows\WinSxS\amd64_microsoft.windows.common-controls_6595b64144ccf1df_6.0.17763.316_none_05b53be2071f46b6\COMCTL32.dll
0x00007ffb6cb80000 - 0x00007ffb6cead000 	C:\windows\System32\combase.dll
0x00007ffb6b8c0000 - 0x00007ffb6b93e000 	C:\windows\System32\bcryptPrimitives.dll
0x00007ffb6f330000 - 0x00007ffb6f35e000 	C:\windows\System32\IMM32.DLL
0x0000000057fd0000 - 0x00000000580a2000 	C:\Program Files\Java\jre1.8.0_241\bin\msvcr100.dll
0x0000000058190000 - 0x0000000058a3c000 	C:\Program Files\Java\jre1.8.0_241\bin\server\jvm.dll
0x00007ffb6f320000 - 0x00007ffb6f328000 	C:\windows\System32\PSAPI.DLL
0x00007ffb5dbe0000 - 0x00007ffb5dbe9000 	C:\windows\SYSTEM32\WSOCK32.dll
0x00007ffb63350000 - 0x00007ffb63374000 	C:\windows\SYSTEM32\WINMM.dll
0x00007ffb664f0000 - 0x00007ffb664fa000 	C:\windows\SYSTEM32\VERSION.dll
0x00007ffb6ee10000 - 0x00007ffb6ee7d000 	C:\windows\System32\WS2_32.dll
0x00007ffb63320000 - 0x00007ffb6334d000 	C:\windows\SYSTEM32\winmmbase.dll
0x00007ffb6c030000 - 0x00007ffb6c07a000 	C:\windows\System32\cfgmgr32.dll
0x00007ffb685f0000 - 0x00007ffb685ff000 	C:\Program Files\Java\jre1.8.0_241\bin\verify.dll
0x00007ffb685c0000 - 0x00007ffb685e9000 	C:\Program Files\Java\jre1.8.0_241\bin\java.dll
0x00007ffb685a0000 - 0x00007ffb685b6000 	C:\Program Files\Java\jre1.8.0_241\bin\zip.dll

VM Arguments:
jvm_args: -Dfile.encoding=UTF-8 
java_command: Mymtgame.Main
java_class_path (initial): D:\javaclass\eclipse-workspace\JAVA SAMPLE\bin
Launcher Type: SUN_STANDARD

Environment Variables:
JAVA_HOME=C:\Program Files\Java\jdk1.8.0_241
CLASSPATH=.;C:\Program Files\Java\jdk1.8.0_241\lib;C:\Program Files\Java\jdk1.8.0_241\lib\tools.jar;
PATH=C:/Program Files/Java/jre1.8.0_241/bin/server;C:/Program Files/Java/jre1.8.0_241/bin;C:/Program Files/Java/jre1.8.0_241/lib/amd64;C:\Program Files (x86)\Common Files\Oracle\Java\javapath;C:\windows\system32;C:\windows;C:\windows\System32\Wbem;C:\windows\System32\WindowsPowerShell\v1.0\;C:\windows\System32\OpenSSH\;C:\Program Files (x86)\QuickTime\QTSystem\;C:\Program Files (x86)\Intel\Intel(R) Management Engine Components\DAL;C:\Program Files\Intel\Intel(R) Management Engine Components\DAL;C:\Program Files\Java\jdk-12.0.2\bin;C:\Program Files (x86)\mingw-w64\i686-8.1.0-posix-dwarf-rt_v6-rev0\mingw32\bin;C:\Program Files\dotnet\;C:\Program Files\Java\jdk1.8.0_241\bin;;C:\Users\USER\Desktop;
USERNAME=USER
OS=Windows_NT
PROCESSOR_IDENTIFIER=Intel64 Family 6 Model 158 Stepping 13, GenuineIntel



---------------  S Y S T E M  ---------------

OS: Windows 10.0 , 64 bit Build 17763 (10.0.17763.292)

CPU:total 8 (initial active 8) (8 cores per cpu, 1 threads per core) family 6 model 158 stepping 13, cmov, cx8, fxsr, mmx, sse, sse2, sse3, ssse3, sse4.1, sse4.2, popcnt, avx, avx2, aes, clmul, erms, rtm, 3dnowpref, lzcnt, tsc, tscinvbit, bmi1, bmi2, adx

Memory: 4k page, physical 8320376k(798076k free), swap 33486200k(5216k free)

vm_info: Java HotSpot(TM) 64-Bit Server VM (25.241-b07) for windows-amd64 JRE (1.8.0_241-b07), built on Dec 11 2019 10:21:40 by "rejava" with MS VC++ 10.0 (VS2010)

time: Wed Jul 01 21:10:08 2020
timezone: 台北標準時間
elapsed time: 0 seconds (0d 0h 0m 0s)

